Using pre-set license
Built from '2021.3/staging' branch; Version is '2021.3.29f1 (204d6dc9ae1c) revision 2116973'; Using compiler version '192829333'; Build Type 'Release'
OS: 'Windows 11  (10.0.22621) 64bit Professional' Language: 'ko' Physical Memory: 32693 MB
BatchMode: 1, IsHumanControllingUs: 0, StartBugReporterOnCrash: 0, Is64bit: 1, IsPro: 1

COMMAND LINE ARGUMENTS:
C:\Program Files\Unity\Hub\Editor\2021.3.29f1\Editor\Unity.exe
-adb2
-batchMode
-noUpm
-name
AssetImportWorker1
-projectPath
C:/Users/nsuin/Desktop/Walking Tour
-logFile
Logs/AssetImportWorker1.log
-srvPort
56296
Successfully changed project path to: C:/Users/nsuin/Desktop/Walking Tour
C:/Users/nsuin/Desktop/Walking Tour
[UnityMemory] Configuration Parameters - Can be set up in boot.config
    "memorysetup-bucket-allocator-granularity=16"
    "memorysetup-bucket-allocator-bucket-count=8"
    "memorysetup-bucket-allocator-block-size=33554432"
    "memorysetup-bucket-allocator-block-count=8"
    "memorysetup-main-allocator-block-size=16777216"
    "memorysetup-thread-allocator-block-size=16777216"
    "memorysetup-gfx-main-allocator-block-size=16777216"
    "memorysetup-gfx-thread-allocator-block-size=16777216"
    "memorysetup-cache-allocator-block-size=4194304"
    "memorysetup-typetree-allocator-block-size=2097152"
    "memorysetup-profiler-bucket-allocator-granularity=16"
    "memorysetup-profiler-bucket-allocator-bucket-count=8"
    "memorysetup-profiler-bucket-allocator-block-size=33554432"
    "memorysetup-profiler-bucket-allocator-block-count=8"
    "memorysetup-profiler-allocator-block-size=16777216"
    "memorysetup-profiler-editor-allocator-block-size=1048576"
    "memorysetup-temp-allocator-size-main=16777216"
    "memorysetup-job-temp-allocator-block-size=2097152"
    "memorysetup-job-temp-allocator-block-size-background=1048576"
    "memorysetup-job-temp-allocator-reduction-small-platforms=262144"
    "memorysetup-temp-allocator-size-background-worker=32768"
    "memorysetup-temp-allocator-size-job-worker=262144"
    "memorysetup-temp-allocator-size-preload-manager=33554432"
    "memorysetup-temp-allocator-size-nav-mesh-worker=65536"
    "memorysetup-temp-allocator-size-audio-worker=65536"
    "memorysetup-temp-allocator-size-cloud-worker=32768"
    "memorysetup-temp-allocator-size-gi-baking-worker=262144"
    "memorysetup-temp-allocator-size-gfx=262144"
Player connection [19624] Host "[IP] 192.168.0.44 [Port] 0 [Flags] 2 [Guid] 857946721 [EditorId] 857946721 [Version] 1048832 [Id] WindowsEditor(7,DESKTOP-8CA7O18) [Debug] 1 [PackageName] WindowsEditor [ProjectName] Editor" joined multi-casting on [225.0.0.222:54997]...

Player connection [19624] Host "[IP] 192.168.0.44 [Port] 0 [Flags] 2 [Guid] 857946721 [EditorId] 857946721 [Version] 1048832 [Id] WindowsEditor(7,DESKTOP-8CA7O18) [Debug] 1 [PackageName] WindowsEditor [ProjectName] Editor" joined alternative multi-casting on [225.0.0.222:34997]...

Refreshing native plugins compatible for Editor in 25.37 ms, found 2 plugins.
Preloading 0 native plugins for Editor in 0.00 ms.
Initialize engine version: 2021.3.29f1 (204d6dc9ae1c)
[Subsystems] Discovering subsystems at path C:/Program Files/Unity/Hub/Editor/2021.3.29f1/Editor/Data/Resources/UnitySubsystems
[Subsystems] Discovering subsystems at path C:/Users/nsuin/Desktop/Walking Tour/Assets
GfxDevice: creating device client; threaded=0; jobified=0
Direct3D:
    Version:  Direct3D 11.0 [level 11.1]
    Renderer: NVIDIA GeForce RTX 2080 Ti (ID=0x1e04)
    Vendor:   NVIDIA
    VRAM:     11049 MB
    Driver:   31.0.15.1601
Initialize mono
Mono path[0] = 'C:/Program Files/Unity/Hub/Editor/2021.3.29f1/Editor/Data/Managed'
Mono path[1] = 'C:/Program Files/Unity/Hub/Editor/2021.3.29f1/Editor/Data/MonoBleedingEdge/lib/mono/unityjit-win32'
Mono config path = 'C:/Program Files/Unity/Hub/Editor/2021.3.29f1/Editor/Data/MonoBleedingEdge/etc'
Using monoOptions --debugger-agent=transport=dt_socket,embedding=1,server=y,suspend=n,address=127.0.0.1:56656
Begin MonoManager ReloadAssembly
Registering precompiled unity dll's ...
Register platform support module: C:/Program Files/Unity/Hub/Editor/2021.3.29f1/Editor/Data/PlaybackEngines/AndroidPlayer/UnityEditor.Android.Extensions.dll
Register platform support module: C:/Program Files/Unity/Hub/Editor/2021.3.29f1/Editor/Data/PlaybackEngines/WindowsStandaloneSupport/UnityEditor.WindowsStandalone.Extensions.dll
Registered in 0.006796 seconds.
Native extension for WindowsStandalone target not found
Native extension for Android target not found
Android Extension - Scanning For ADB Devices 256 ms
Refreshing native plugins compatible for Editor in 25.66 ms, found 2 plugins.
Preloading 0 native plugins for Editor in 0.00 ms.
Mono: successfully reloaded assembly
- Completed reload, in  0.869 seconds
Domain Reload Profiling:
	ReloadAssembly (870ms)
		BeginReloadAssembly (79ms)
			ExecutionOrderSort (0ms)
			DisableScriptedObjects (0ms)
			BackupInstance (0ms)
			ReleaseScriptingObjects (0ms)
			CreateAndSetChildDomain (1ms)
		EndReloadAssembly (697ms)
			LoadAssemblies (77ms)
			RebuildTransferFunctionScriptingTraits (0ms)
			SetupTypeCache (110ms)
			ReleaseScriptCaches (0ms)
			RebuildScriptCaches (26ms)
			SetupLoadedEditorAssemblies (513ms)
				LogAssemblyErrors (0ms)
				InitializePlatformSupportModulesInManaged (348ms)
				SetLoadedEditorAssemblies (0ms)
				RefreshPlugins (26ms)
				BeforeProcessingInitializeOnLoad (1ms)
				ProcessInitializeOnLoadAttributes (88ms)
				ProcessInitializeOnLoadMethodAttributes (49ms)
				AfterProcessingInitializeOnLoad (0ms)
				EditorAssembliesLoaded (0ms)
			ExecutionOrderSort2 (0ms)
			AwakeInstancesAfterBackupRestoration (0ms)
Platform modules already initialized, skipping
Registering precompiled user dll's ...
Registered in 0.002507 seconds.
Begin MonoManager ReloadAssembly
Native extension for WindowsStandalone target not found
Native extension for Android target not found
Refreshing native plugins compatible for Editor in 0.33 ms, found 2 plugins.
Preloading 0 native plugins for Editor in 0.00 ms.
Mono: successfully reloaded assembly
- Completed reload, in  0.866 seconds
Domain Reload Profiling:
	ReloadAssembly (867ms)
		BeginReloadAssembly (130ms)
			ExecutionOrderSort (0ms)
			DisableScriptedObjects (7ms)
			BackupInstance (0ms)
			ReleaseScriptingObjects (0ms)
			CreateAndSetChildDomain (23ms)
		EndReloadAssembly (629ms)
			LoadAssemblies (80ms)
			RebuildTransferFunctionScriptingTraits (0ms)
			SetupTypeCache (186ms)
			ReleaseScriptCaches (0ms)
			RebuildScriptCaches (44ms)
			SetupLoadedEditorAssemblies (286ms)
				LogAssemblyErrors (0ms)
				InitializePlatformSupportModulesInManaged (22ms)
				SetLoadedEditorAssemblies (0ms)
				RefreshPlugins (0ms)
				BeforeProcessingInitializeOnLoad (48ms)
				ProcessInitializeOnLoadAttributes (187ms)
				ProcessInitializeOnLoadMethodAttributes (21ms)
				AfterProcessingInitializeOnLoad (7ms)
				EditorAssembliesLoaded (0ms)
			ExecutionOrderSort2 (0ms)
			AwakeInstancesAfterBackupRestoration (7ms)
Platform modules already initialized, skipping
========================================================================
Worker process is ready to serve import requests
Launched and connected shader compiler UnityShaderCompiler.exe after 0.04 seconds
Refreshing native plugins compatible for Editor in 0.36 ms, found 2 plugins.
Preloading 0 native plugins for Editor in 0.00 ms.
Unloading 1381 Unused Serialized files (Serialized files now loaded: 0)
Unloading 16 unused Assets / (46.8 KB). Loaded Objects now: 1856.
Memory consumption went from 70.1 MB to 70.1 MB.
Total: 2.865900 ms (FindLiveObjects: 0.236500 ms CreateObjectMapping: 0.121700 ms MarkObjects: 2.413000 ms  DeleteObjects: 0.093400 ms)

AssetImportParameters requested are different than current active one (requested -> active):
  custom:video-decoder-ogg-theora: a1e56fd34408186e4bbccfd4996cb3dc -> 
  custom:container-muxer-webm: aa71ff27fc2769a1b78a27578f13a17b -> 
  custom:container-demuxer-webm: 4f35f7cbe854078d1ac9338744f61a02 -> 
  custom:video-encoder-webm-vp8: eb34c28f22e8b96e1ab97ce403110664 -> 
  custom:CustomObjectIndexerAttribute: bc11b3a6c3213fcdd17b65e7da85e133 -> 
  custom:audio-encoder-webm-vorbis: bf7c407c2cedff20999df2af8eb42d56 -> 
  custom:framework-win-MediaFoundation: 216162199b28c13a410421893ffa2e32 -> 
  custom:container-demuxer-ogg: 62fdf1f143b41e24485cea50d1cbac27 -> 
  custom:video-decoder-webm-vp8: 9c59270c3fd7afecdb556c50c9e8de78 -> 
  custom:audio-decoder-ogg-vorbis: bf7c407c2cedff20999df2af8eb42d56 -> 
========================================================================
Received Import Request.
  Time since last request: 527893.930534 seconds.
  path: Assets/Materials/water_skyblue.mat
  artifactKey: Guid(6559802aed55bae42a7c064a1645c8e5) Importer(815301076,1909f56bfc062723c751e8b465ee728b)
Start importing Assets/Materials/water_skyblue.mat using Guid(6559802aed55bae42a7c064a1645c8e5) Importer(815301076,1909f56bfc062723c751e8b465ee728b)  -> (artifact id: '6b7cc8f67b7c546a6dccb87d2a839f10') in 0.124456 seconds 
========================================================================
Received Import Request.
  Time since last request: 0.000033 seconds.
  path: Assets/Materials/road_darkgreen.mat
  artifactKey: Guid(ea15e4eb4ddd22e41bdaba966e6ed8d8) Importer(815301076,1909f56bfc062723c751e8b465ee728b)
Start importing Assets/Materials/road_darkgreen.mat using Guid(ea15e4eb4ddd22e41bdaba966e6ed8d8) Importer(815301076,1909f56bfc062723c751e8b465ee728b)  -> (artifact id: '1ee81f1cc50ec532c3d6712d060c15bd') in 0.015310 seconds 
========================================================================
Received Import Request.
  Time since last request: 0.000026 seconds.
  path: Assets/Materials/seoul_road3.mat
  artifactKey: Guid(b43f76d0ae5563d41908a2b81e1b5a15) Importer(815301076,1909f56bfc062723c751e8b465ee728b)
Start importing Assets/Materials/seoul_road3.mat using Guid(b43f76d0ae5563d41908a2b81e1b5a15) Importer(815301076,1909f56bfc062723c751e8b465ee728b)  -> (artifact id: '775224d7d5af57e07b3c8a383b669e47') in 0.014123 seconds 
========================================================================
Received Import Request.
  Time since last request: 0.000014 seconds.
  path: Assets/Materials/seoul_road2.mat
  artifactKey: Guid(66e33252ff7b6134e86b4fc4f2eab9ad) Importer(815301076,1909f56bfc062723c751e8b465ee728b)
Start importing Assets/Materials/seoul_road2.mat using Guid(66e33252ff7b6134e86b4fc4f2eab9ad) Importer(815301076,1909f56bfc062723c751e8b465ee728b)  -> (artifact id: '69865b0e12a836c0997fe5eb70e97934') in 0.012646 seconds 
========================================================================
Received Import Request.
  Time since last request: 0.000013 seconds.
  path: Assets/Materials/water_blue2.mat
  artifactKey: Guid(392842fecc762f74b84a556a89ff6daf) Importer(815301076,1909f56bfc062723c751e8b465ee728b)
Start importing Assets/Materials/water_blue2.mat using Guid(392842fecc762f74b84a556a89ff6daf) Importer(815301076,1909f56bfc062723c751e8b465ee728b)  -> (artifact id: 'cfbe92ebe20be4c0454293074e8359f9') in 0.014385 seconds 
========================================================================
Received Import Request.
  Time since last request: 0.000012 seconds.
  path: Assets/Materials/road_pink2.mat
  artifactKey: Guid(14bd484e36a1746458a5a619e7cde925) Importer(815301076,1909f56bfc062723c751e8b465ee728b)
Start importing Assets/Materials/road_pink2.mat using Guid(14bd484e36a1746458a5a619e7cde925) Importer(815301076,1909f56bfc062723c751e8b465ee728b)  -> (artifact id: '9a55ab33b9dc1b1cc9be72dfee9f8381') in 0.013732 seconds 
========================================================================
Received Import Request.
  Time since last request: 0.000011 seconds.
  path: Assets/Materials/road_green.mat
  artifactKey: Guid(8901c9dd4513672499392404c69c8792) Importer(815301076,1909f56bfc062723c751e8b465ee728b)
Start importing Assets/Materials/road_green.mat using Guid(8901c9dd4513672499392404c69c8792) Importer(815301076,1909f56bfc062723c751e8b465ee728b)  -> (artifact id: 'eb76f410b20c0204d828795c83fe4edc') in 0.015062 seconds 
========================================================================
Received Import Request.
  Time since last request: 0.000016 seconds.
  path: Assets/Materials/Wall_3.mat
  artifactKey: Guid(f654824d3e8f0ae42bb0f563025391eb) Importer(815301076,1909f56bfc062723c751e8b465ee728b)
Start importing Assets/Materials/Wall_3.mat using Guid(f654824d3e8f0ae42bb0f563025391eb) Importer(815301076,1909f56bfc062723c751e8b465ee728b)  -> (artifact id: 'd342b0e96825094c9d2220e0678c1320') in 0.015198 seconds 
========================================================================
Received Import Request.
  Time since last request: 0.000012 seconds.
  path: Assets/Materials/road_blue2.mat
  artifactKey: Guid(6d699e21009b2f146b5633ede61b4707) Importer(815301076,1909f56bfc062723c751e8b465ee728b)
Start importing Assets/Materials/road_blue2.mat using Guid(6d699e21009b2f146b5633ede61b4707) Importer(815301076,1909f56bfc062723c751e8b465ee728b)  -> (artifact id: 'ecda7d6baa4cb5b935120e54814e341d') in 0.014780 seconds 
========================================================================
Received Import Request.
  Time since last request: 0.000014 seconds.
  path: Assets/Materials/river_darkblue.mat
  artifactKey: Guid(0062dc39672753f46a7d76c1dc8a475a) Importer(815301076,1909f56bfc062723c751e8b465ee728b)
Start importing Assets/Materials/river_darkblue.mat using Guid(0062dc39672753f46a7d76c1dc8a475a) Importer(815301076,1909f56bfc062723c751e8b465ee728b)  -> (artifact id: '9ea955f11455991508f9fcb290a151f2') in 0.015979 seconds 
========================================================================
Received Import Request.
  Time since last request: 0.000015 seconds.
  path: Assets/Materials/road_blue1.mat
  artifactKey: Guid(f6cfe6bf3b806f04583c3e562b1bb6fb) Importer(815301076,1909f56bfc062723c751e8b465ee728b)
Start importing Assets/Materials/road_blue1.mat using Guid(f6cfe6bf3b806f04583c3e562b1bb6fb) Importer(815301076,1909f56bfc062723c751e8b465ee728b)  -> (artifact id: '2d9a7dbcd68a076158a976fe926e2b0e') in 0.014985 seconds 
========================================================================
Received Import Request.
  Time since last request: 0.000018 seconds.
  path: Assets/Materials/sports_road2.mat
  artifactKey: Guid(0ebea55d2d31d134b9086454040b5f3e) Importer(815301076,1909f56bfc062723c751e8b465ee728b)
Start importing Assets/Materials/sports_road2.mat using Guid(0ebea55d2d31d134b9086454040b5f3e) Importer(815301076,1909f56bfc062723c751e8b465ee728b)  -> (artifact id: '5dded0f3aafeabd90cce963e18baa370') in 0.014044 seconds 
========================================================================
Received Import Request.
  Time since last request: 0.000015 seconds.
  path: Assets/Materials/Wall_5.mat
  artifactKey: Guid(b8d0af0e3e543544e9c1e1d771acfb51) Importer(815301076,1909f56bfc062723c751e8b465ee728b)
Start importing Assets/Materials/Wall_5.mat using Guid(b8d0af0e3e543544e9c1e1d771acfb51) Importer(815301076,1909f56bfc062723c751e8b465ee728b)  -> (artifact id: '134302cc70984daafa77e0eee8b2a8af') in 0.015414 seconds 
========================================================================
Received Import Request.
  Time since last request: 0.000017 seconds.
  path: Assets/Materials/road_pink3.mat
  artifactKey: Guid(f48066315d437ee4c9f1a76f4f3a7322) Importer(815301076,1909f56bfc062723c751e8b465ee728b)
Start importing Assets/Materials/road_pink3.mat using Guid(f48066315d437ee4c9f1a76f4f3a7322) Importer(815301076,1909f56bfc062723c751e8b465ee728b)  -> (artifact id: 'b17437e31d627863968a7c0f73b08e8b') in 0.015217 seconds 
========================================================================
Received Import Request.
  Time since last request: 0.000017 seconds.
  path: Assets/Materials/Wall_4.mat
  artifactKey: Guid(ec26f31ee2da90841865cbe1166a944f) Importer(815301076,1909f56bfc062723c751e8b465ee728b)
Start importing Assets/Materials/Wall_4.mat using Guid(ec26f31ee2da90841865cbe1166a944f) Importer(815301076,1909f56bfc062723c751e8b465ee728b)  -> (artifact id: '2f3ae191de026d4bdde81c46da2fd76c') in 0.014556 seconds 
========================================================================
Received Import Request.
  Time since last request: 0.000024 seconds.
  path: Assets/Materials/water_skyblue2.mat
  artifactKey: Guid(2b59ef8cf648279459796988d831325d) Importer(815301076,1909f56bfc062723c751e8b465ee728b)
Start importing Assets/Materials/water_skyblue2.mat using Guid(2b59ef8cf648279459796988d831325d) Importer(815301076,1909f56bfc062723c751e8b465ee728b)  -> (artifact id: 'e5d636a31fd519b4e79ae629c7a3358b') in 0.015245 seconds 
========================================================================
Received Import Request.
  Time since last request: 0.000024 seconds.
  path: Assets/Materials/river_blue.mat
  artifactKey: Guid(2726230dcf7f2d14caf5dbb73e20734c) Importer(815301076,1909f56bfc062723c751e8b465ee728b)
Start importing Assets/Materials/river_blue.mat using Guid(2726230dcf7f2d14caf5dbb73e20734c) Importer(815301076,1909f56bfc062723c751e8b465ee728b)  -> (artifact id: '910629ae5dd3fd0554e9b184b006c34d') in 0.018708 seconds 
========================================================================
Received Import Request.
  Time since last request: 0.000017 seconds.
  path: Assets/Materials/road_beige.mat
  artifactKey: Guid(39ccf7fe26e1f5a4691467b8d95ed23c) Importer(815301076,1909f56bfc062723c751e8b465ee728b)
Start importing Assets/Materials/road_beige.mat using Guid(39ccf7fe26e1f5a4691467b8d95ed23c) Importer(815301076,1909f56bfc062723c751e8b465ee728b)  -> (artifact id: '5c8fe060ceb706aa2d463daafa7c97c4') in 0.016459 seconds 
========================================================================
Received Import Request.
  Time since last request: 0.000017 seconds.
  path: Assets/Materials/road_darkred.mat
  artifactKey: Guid(270e9800492f4784f9ef0ee956fa42e3) Importer(815301076,1909f56bfc062723c751e8b465ee728b)
Start importing Assets/Materials/road_darkred.mat using Guid(270e9800492f4784f9ef0ee956fa42e3) Importer(815301076,1909f56bfc062723c751e8b465ee728b)  -> (artifact id: 'a644424c8748c3a4d4ba6f94ae316333') in 0.018590 seconds 
========================================================================
Received Import Request.
  Time since last request: 0.000016 seconds.
  path: Assets/Materials/sports_road3.mat
  artifactKey: Guid(dd1b7123074d50e4cb4681113b6f21b8) Importer(815301076,1909f56bfc062723c751e8b465ee728b)
Start importing Assets/Materials/sports_road3.mat using Guid(dd1b7123074d50e4cb4681113b6f21b8) Importer(815301076,1909f56bfc062723c751e8b465ee728b)  -> (artifact id: 'e7e8d94ddc8c733361972abd7cc31b3a') in 0.015010 seconds 
========================================================================
Received Import Request.
  Time since last request: 0.000021 seconds.
  path: Assets/Materials/wall_2.mat
  artifactKey: Guid(8f84156b1ec93914eaf9693c59f11b17) Importer(815301076,1909f56bfc062723c751e8b465ee728b)
Start importing Assets/Materials/wall_2.mat using Guid(8f84156b1ec93914eaf9693c59f11b17) Importer(815301076,1909f56bfc062723c751e8b465ee728b)  -> (artifact id: '051b5975decd79d38df67a55a5e90063') in 0.014606 seconds 
========================================================================
Received Import Request.
  Time since last request: 0.000019 seconds.
  path: Assets/Materials/gangnam_road4.mat
  artifactKey: Guid(b5beaa8362ae3784ead467a57c26b676) Importer(815301076,1909f56bfc062723c751e8b465ee728b)
Start importing Assets/Materials/gangnam_road4.mat using Guid(b5beaa8362ae3784ead467a57c26b676) Importer(815301076,1909f56bfc062723c751e8b465ee728b)  -> (artifact id: 'b4c8800301af5820d438528fdfaf6c28') in 0.014280 seconds 
========================================================================
Received Import Request.
  Time since last request: 0.000016 seconds.
  path: Assets/Materials/seoul_road4.mat
  artifactKey: Guid(d2a01df23a5ed4d43a1c75b9b6d180ae) Importer(815301076,1909f56bfc062723c751e8b465ee728b)
Start importing Assets/Materials/seoul_road4.mat using Guid(d2a01df23a5ed4d43a1c75b9b6d180ae) Importer(815301076,1909f56bfc062723c751e8b465ee728b)  -> (artifact id: 'ef0fcf868c87f9007eb05a131b300f11') in 0.015831 seconds 
========================================================================
Received Import Request.
  Time since last request: 6193.350125 seconds.
  path: Assets/Image/gameover.png
  artifactKey: Guid(189d6cdce6632e647a744eb1794a75f3) Importer(815301076,1909f56bfc062723c751e8b465ee728b)
Start importing Assets/Image/gameover.png using Guid(189d6cdce6632e647a744eb1794a75f3) Importer(815301076,1909f56bfc062723c751e8b465ee728b)  -> (artifact id: '7b0db5f0edb3a45b4f5654f9bd23b627') in 0.041779 seconds 
========================================================================
Received Import Request.
  Time since last request: 0.000015 seconds.
  path: Assets/Image/regame.png
  artifactKey: Guid(8f7f82ceffd82bb44bc2881fdb5355df) Importer(815301076,1909f56bfc062723c751e8b465ee728b)
Start importing Assets/Image/regame.png using Guid(8f7f82ceffd82bb44bc2881fdb5355df) Importer(815301076,1909f56bfc062723c751e8b465ee728b)  -> (artifact id: 'bb167b301af2e8d549556af05d81950d') in 0.030528 seconds 
========================================================================
Received Import Request.
  Time since last request: 0.000020 seconds.
  path: Assets/Image/score2.png
  artifactKey: Guid(924fdb7896596034aa4053330f521fbc) Importer(815301076,1909f56bfc062723c751e8b465ee728b)
Start importing Assets/Image/score2.png using Guid(924fdb7896596034aa4053330f521fbc) Importer(815301076,1909f56bfc062723c751e8b465ee728b)  -> (artifact id: '1c9f9737577672de73996e3219baf4b6') in 0.031925 seconds 
========================================================================
Received Import Request.
  Time since last request: 0.000022 seconds.
  path: Assets/Image/score.png
  artifactKey: Guid(c64f8859b3090314297eff1ef7e18e44) Importer(815301076,1909f56bfc062723c751e8b465ee728b)
Start importing Assets/Image/score.png using Guid(c64f8859b3090314297eff1ef7e18e44) Importer(815301076,1909f56bfc062723c751e8b465ee728b)  -> (artifact id: '45f16954ab695d4124c6923119888ea1') in 0.032857 seconds 
========================================================================
Received Import Request.
  Time since last request: 0.454620 seconds.
  path: Assets/Audio/4삼성.mp3
  artifactKey: Guid(e5c2d5a49d73f6a4185dd58d62eec9a6) Importer(815301076,1909f56bfc062723c751e8b465ee728b)
Start importing Assets/Audio/4삼성.mp3 using Guid(e5c2d5a49d73f6a4185dd58d62eec9a6) Importer(815301076,1909f56bfc062723c751e8b465ee728b)  -> (artifact id: '74fef6f170383fef0724f7d86c87a2fc') in 0.056257 seconds 
========================================================================
Received Import Request.
  Time since last request: 0.000014 seconds.
  path: Assets/Audio/기차 효과음.mp3
  artifactKey: Guid(eb73457e07ffc7d40943bec52e7024b0) Importer(815301076,1909f56bfc062723c751e8b465ee728b)
Start importing Assets/Audio/기차 효과음.mp3 using Guid(eb73457e07ffc7d40943bec52e7024b0) Importer(815301076,1909f56bfc062723c751e8b465ee728b)  -> (artifact id: 'e1e0983ee88635fc74cd1b01c377399d') in 0.013813 seconds 
========================================================================
Received Import Request.
  Time since last request: 0.000044 seconds.
  path: Assets/Audio/크락션 1.wav
  artifactKey: Guid(71d889dd830da3a4e9356e264b4e5e77) Importer(815301076,1909f56bfc062723c751e8b465ee728b)
Start importing Assets/Audio/크락션 1.wav using Guid(71d889dd830da3a4e9356e264b4e5e77) Importer(815301076,1909f56bfc062723c751e8b465ee728b)  -> (artifact id: 'e828653ce1f0baae3d50a58ea085ecfd') in 0.019715 seconds 
========================================================================
Received Import Request.
  Time since last request: 1.508945 seconds.
  path: Assets/Animation/기본 남캐 점프 모션.fbx
  artifactKey: Guid(0d35f131349798b479e479dce3899261) Importer(815301076,1909f56bfc062723c751e8b465ee728b)
Start importing Assets/Animation/기본 남캐 점프 모션.fbx using Guid(0d35f131349798b479e479dce3899261) Importer(815301076,1909f56bfc062723c751e8b465ee728b)  -> (artifact id: 'c7780fe72e482735b45b9afac530f388') in 0.275004 seconds 
